<?xml version="1.0" encoding="UTF-8"?>
<!-- Generated by org.testng.reporters.JUnitXMLReporter -->
<testsuite hostname="3632b32301c4" ignored="0" name="Test2" tests="1" failures="1" timestamp="2021-10-26T17:19:39 GMT" time="38.993" errors="0">
  <testcase name="WebsiteTest1" time="17.92" classname="com.gSTAX.Tests.Tricentis">
    <failure type="java.lang.AssertionError" message="expected [true] but found [false]">
      <![CDATA[java.lang.AssertionError: expected [true] but found [false]
at com.gSTAX.Tests.Tricentis.WebsiteTest1(Tricentis.java:38)
at java.util.ArrayList.forEach(ArrayList.java:1257)
at java.util.concurrent.FutureTask.run(FutureTask.java:266)
at java.util.concurrent.ThreadPoolExecutor.runWorker(ThreadPoolExecutor.java:1149)
at java.util.concurrent.ThreadPoolExecutor$Worker.run(ThreadPoolExecutor.java:624)
at java.lang.Thread.run(Thread.java:748)
... Removed 22 stack frames]]>
    </failure>
  </testcase> <!-- WebsiteTest1 -->
</testsuite> <!-- Test2 -->
